build/app/intermediates/manifest_merge_blame_file/debug/manifest-merger-blame-debug-report.txt
1<?xml version="1.0" encoding="utf-8"?>
2<manifest xmlns:android="http://schemas.android.com/apk/res/android"
3    package="com.read_to_me"
4    android:versionCode="1"
5    android:versionName="1.0.0" >
6
7    <uses-sdk
8        android:minSdkVersion="21"
9        android:targetSdkVersion="30" />
10    <!--
11         Flutter needs it to communicate with the running application
12         to allow setting breakpoints, to provide hot reload, etc.
13    -->
14    <uses-permission android:name="android.permission.INTERNET" />
14-->src/main/AndroidManifest.xml:6:5-66
14-->src/main/AndroidManifest.xml:6:22-64
15    <uses-permission android:name="android.permission.RECORD_AUDIO" />
15-->src/main/AndroidManifest.xml:5:5-70
15-->src/main/AndroidManifest.xml:5:22-68
16
17    <queries>
17-->src/main/AndroidManifest.xml:7:5-11:15
18        <intent>
18-->src/main/AndroidManifest.xml:8:9-10:18
19            <action android:name="android.speech.RecognitionService" />
19-->src/main/AndroidManifest.xml:9:13-72
19-->src/main/AndroidManifest.xml:9:21-69
20        </intent>
21        <intent>
21-->[:flutter_tts] AndroidManifest.xml:10:9-12:18
22            <action android:name="android.intent.action.TTS_SERVICE" />
22-->[:flutter_tts] AndroidManifest.xml:11:13-72
22-->[:flutter_tts] AndroidManifest.xml:11:21-69
23        </intent>
24    </queries>
25
26    <uses-permission android:name="android.permission.ACCESS_NETWORK_STATE" />
26-->[com.google.android.gms:play-services-measurement-api:19.0.0] AndroidManifest.xml:23:5-79
26-->[com.google.android.gms:play-services-measurement-api:19.0.0] AndroidManifest.xml:23:22-76
27    <uses-permission android:name="android.permission.WAKE_LOCK" />
27-->[com.google.android.gms:play-services-measurement-api:19.0.0] AndroidManifest.xml:24:5-68
27-->[com.google.android.gms:play-services-measurement-api:19.0.0] AndroidManifest.xml:24:22-65
28    <uses-permission android:name="com.google.android.finsky.permission.BIND_GET_INSTALL_REFERRER_SERVICE" />
28-->[com.google.android.gms:play-services-measurement:19.0.0] AndroidManifest.xml:26:5-110
28-->[com.google.android.gms:play-services-measurement:19.0.0] AndroidManifest.xml:26:22-107
29
30    <application
30-->src/main/AndroidManifest.xml:13:4-78:19
31        android:appComponentFactory="androidx.core.app.CoreComponentFactory"
31-->[androidx.core:core:1.3.1] AndroidManifest.xml:24:18-86
32        android:debuggable="true"
33        android:icon="@mipmap/ic_launcher"
33-->src/main/AndroidManifest.xml:15:9-43
34        android:label="read_to_me"
34-->src/main/AndroidManifest.xml:14:9-35
35        android:supportsRtl="true"
35-->[com.facebook.android:facebook-login:5.5.1] AndroidManifest.xml:28:18-44
36        android:usesCleartextTraffic="true" >
36-->src/debug/AndroidManifest.xml:7:18-53
37        <activity
37-->src/main/AndroidManifest.xml:16:8-44:20
38            android:name="com.read_to_me.MainActivity"
38-->src/main/AndroidManifest.xml:17:13-41
39            android:configChanges="orientation|keyboardHidden|keyboard|screenSize|smallestScreenSize|locale|layoutDirection|fontScale|screenLayout|density|uiMode"
39-->src/main/AndroidManifest.xml:20:13-163
40            android:hardwareAccelerated="true"
40-->src/main/AndroidManifest.xml:21:13-47
41            android:launchMode="singleTop"
41-->src/main/AndroidManifest.xml:18:13-43
42            android:theme="@style/LaunchTheme"
42-->src/main/AndroidManifest.xml:19:13-47
43            android:windowSoftInputMode="adjustResize" >
43-->src/main/AndroidManifest.xml:22:13-55
44
45            <!--
46                 Specifies an Android theme to apply to this Activity as soon as
47                 the Android process has started. This theme is visible to the user
48                 while the Flutter UI initializes. After that, this theme continues
49                 to determine the Window background behind the Flutter UI.
50            -->
51            <meta-data
51-->src/main/AndroidManifest.xml:27:13-30:17
52                android:name="io.flutter.embedding.android.NormalTheme"
52-->src/main/AndroidManifest.xml:28:15-70
53                android:resource="@style/NormalTheme" />
53-->src/main/AndroidManifest.xml:29:15-52
54            <!--
55                 Displays an Android View that continues showing the launch screen
56                 Drawable until Flutter paints its first frame, then this splash
57                 screen fades out. A splash screen is useful to avoid any visual
58                 gap between the end of Android's launch screen and the painting of
59                 Flutter's first frame.
60            -->
61            <meta-data
61-->src/main/AndroidManifest.xml:36:13-39:17
62                android:name="io.flutter.embedding.android.SplashScreenDrawable"
62-->src/main/AndroidManifest.xml:37:15-79
63                android:resource="@drawable/launch_background" />
63-->src/main/AndroidManifest.xml:38:15-61
64
65            <intent-filter>
65-->src/main/AndroidManifest.xml:40:13-43:29
66                <action android:name="android.intent.action.MAIN" />
66-->src/main/AndroidManifest.xml:41:17-68
66-->src/main/AndroidManifest.xml:41:25-66
67
68                <category android:name="android.intent.category.LAUNCHER" />
68-->src/main/AndroidManifest.xml:42:17-76
68-->src/main/AndroidManifest.xml:42:27-74
69            </intent-filter>
70        </activity>
71        <!--
72 Don't delete the meta-data below.
73             This is used by the Flutter tool to generate GeneratedPluginRegistrant.java
74        -->
75        <meta-data
75-->src/main/AndroidManifest.xml:47:9-49:33
76            android:name="flutterEmbedding"
76-->src/main/AndroidManifest.xml:48:13-44
77            android:value="2" />
77-->src/main/AndroidManifest.xml:49:13-30
78        <meta-data
78-->src/main/AndroidManifest.xml:51:8-53:68
79            android:name="com.google.android.gms.version"
79-->src/main/AndroidManifest.xml:52:12-57
80            android:value="@integer/google_play_services_version" />
80-->src/main/AndroidManifest.xml:53:12-65
81        <meta-data
81-->src/main/AndroidManifest.xml:55:8-57:54
82            android:name="com.facebook.sdk.ApplicationId"
82-->src/main/AndroidManifest.xml:56:12-57
83            android:value="@string/facebook_app_id" />
83-->src/main/AndroidManifest.xml:57:12-51
84
85        <activity
85-->src/main/AndroidManifest.xml:59:8-62:47
86            android:name="com.facebook.FacebookActivity"
86-->src/main/AndroidManifest.xml:60:12-56
87            android:configChanges="keyboard|keyboardHidden|screenLayout|screenSize|orientation"
87-->src/main/AndroidManifest.xml:61:12-95
88            android:label="@string/app_name"
88-->src/main/AndroidManifest.xml:62:12-44
89            android:theme="@style/com_facebook_activity_theme" />
89-->[com.facebook.android:facebook-common:5.5.1] AndroidManifest.xml:32:13-63
90        <activity
90-->src/main/AndroidManifest.xml:64:8-76:19
91            android:name="com.facebook.CustomTabActivity"
91-->src/main/AndroidManifest.xml:65:12-57
92            android:exported="true" >
92-->src/main/AndroidManifest.xml:66:12-35
93            <intent-filter>
93-->src/main/AndroidManifest.xml:67:12-74:28
94                <action android:name="android.intent.action.VIEW" />
94-->src/main/AndroidManifest.xml:68:16-68
94-->src/main/AndroidManifest.xml:68:24-65
95
96                <category android:name="android.intent.category.DEFAULT" />
96-->src/main/AndroidManifest.xml:70:16-75
96-->src/main/AndroidManifest.xml:70:26-72
97                <category android:name="android.intent.category.BROWSABLE" />
97-->src/main/AndroidManifest.xml:71:16-77
97-->src/main/AndroidManifest.xml:71:26-74
98
99                <data android:scheme="@string/fb_login_protocol_scheme" />
99-->src/main/AndroidManifest.xml:73:16-74
99-->src/main/AndroidManifest.xml:73:22-71
100            </intent-filter>
101        </activity>
102        <activity
102-->[:url_launcher] AndroidManifest.xml:8:9-11:74
103            android:name="io.flutter.plugins.urllauncher.WebViewActivity"
103-->[:url_launcher] AndroidManifest.xml:9:13-74
104            android:exported="false"
104-->[:url_launcher] AndroidManifest.xml:10:13-37
105            android:theme="@android:style/Theme.NoTitleBar.Fullscreen" />
105-->[:url_launcher] AndroidManifest.xml:11:13-71
106
107        <provider
107-->[:share] AndroidManifest.xml:8:9-16:20
108            android:name="io.flutter.plugins.share.ShareFileProvider"
108-->[:share] AndroidManifest.xml:9:13-70
109            android:authorities="com.read_to_me.flutter.share_provider"
109-->[:share] AndroidManifest.xml:10:13-74
110            android:exported="false"
110-->[:share] AndroidManifest.xml:11:13-37
111            android:grantUriPermissions="true" >
111-->[:share] AndroidManifest.xml:12:13-47
112            <meta-data
112-->[:share] AndroidManifest.xml:13:13-15:68
113                android:name="android.support.FILE_PROVIDER_PATHS"
113-->[:share] AndroidManifest.xml:14:17-67
114                android:resource="@xml/flutter_share_file_paths" />
114-->[:share] AndroidManifest.xml:15:17-65
115        </provider>
116
117        <service
117-->[com.google.firebase:firebase-analytics-ktx:19.0.0] AndroidManifest.xml:8:9-14:19
118            android:name="com.google.firebase.components.ComponentDiscoveryService"
118-->[com.google.firebase:firebase-analytics-ktx:19.0.0] AndroidManifest.xml:9:13-84
119            android:directBootAware="true"
119-->[com.google.firebase:firebase-common:20.0.0] AndroidManifest.xml:35:13-43
120            android:exported="false" >
120-->[com.google.firebase:firebase-analytics-ktx:19.0.0] AndroidManifest.xml:10:13-37
121            <meta-data
121-->[com.google.firebase:firebase-analytics-ktx:19.0.0] AndroidManifest.xml:11:13-13:85
122                android:name="com.google.firebase.components:com.google.firebase.analytics.ktx.FirebaseAnalyticsKtxRegistrar"
122-->[com.google.firebase:firebase-analytics-ktx:19.0.0] AndroidManifest.xml:12:17-126
123                android:value="com.google.firebase.components.ComponentRegistrar" />
123-->[com.google.firebase:firebase-analytics-ktx:19.0.0] AndroidManifest.xml:13:17-82
124            <meta-data
124-->[com.google.firebase:firebase-common-ktx:20.0.0] AndroidManifest.xml:15:13-17:85
125                android:name="com.google.firebase.components:com.google.firebase.ktx.FirebaseCommonKtxRegistrar"
125-->[com.google.firebase:firebase-common-ktx:20.0.0] AndroidManifest.xml:16:17-113
126                android:value="com.google.firebase.components.ComponentRegistrar" />
126-->[com.google.firebase:firebase-common-ktx:20.0.0] AndroidManifest.xml:17:17-82
127            <meta-data
127-->[com.google.android.gms:play-services-measurement-api:19.0.0] AndroidManifest.xml:30:13-32:85
128                android:name="com.google.firebase.components:com.google.firebase.analytics.connector.internal.AnalyticsConnectorRegistrar"
128-->[com.google.android.gms:play-services-measurement-api:19.0.0] AndroidManifest.xml:31:17-139
129                android:value="com.google.firebase.components.ComponentRegistrar" />
129-->[com.google.android.gms:play-services-measurement-api:19.0.0] AndroidManifest.xml:32:17-82
130            <meta-data
130-->[com.google.firebase:firebase-installations:17.0.0] AndroidManifest.xml:18:13-20:85
131                android:name="com.google.firebase.components:com.google.firebase.installations.FirebaseInstallationsRegistrar"
131-->[com.google.firebase:firebase-installations:17.0.0] AndroidManifest.xml:19:17-127
132                android:value="com.google.firebase.components.ComponentRegistrar" />
132-->[com.google.firebase:firebase-installations:17.0.0] AndroidManifest.xml:20:17-82
133        </service>
134
135        <provider
135-->[com.google.firebase:firebase-common:20.0.0] AndroidManifest.xml:26:9-31:39
136            android:name="com.google.firebase.provider.FirebaseInitProvider"
136-->[com.google.firebase:firebase-common:20.0.0] AndroidManifest.xml:27:13-77
137            android:authorities="com.read_to_me.firebaseinitprovider"
137-->[com.google.firebase:firebase-common:20.0.0] AndroidManifest.xml:28:13-72
138            android:directBootAware="true"
138-->[com.google.firebase:firebase-common:20.0.0] AndroidManifest.xml:29:13-43
139            android:exported="false"
139-->[com.google.firebase:firebase-common:20.0.0] AndroidManifest.xml:30:13-37
140            android:initOrder="100" />
140-->[com.google.firebase:firebase-common:20.0.0] AndroidManifest.xml:31:13-36
141
142        <activity android:name="com.facebook.CustomTabMainActivity" />
142-->[com.facebook.android:facebook-common:5.5.1] AndroidManifest.xml:33:9-71
142-->[com.facebook.android:facebook-common:5.5.1] AndroidManifest.xml:33:19-68
143        <activity
143-->[com.google.android.gms:play-services-auth:16.0.1] AndroidManifest.xml:23:9-27:75
144            android:name="com.google.android.gms.auth.api.signin.internal.SignInHubActivity"
144-->[com.google.android.gms:play-services-auth:16.0.1] AndroidManifest.xml:24:13-93
145            android:excludeFromRecents="true"
145-->[com.google.android.gms:play-services-auth:16.0.1] AndroidManifest.xml:25:13-46
146            android:exported="false"
146-->[com.google.android.gms:play-services-auth:16.0.1] AndroidManifest.xml:26:13-37
147            android:theme="@android:style/Theme.Translucent.NoTitleBar" />
147-->[com.google.android.gms:play-services-auth:16.0.1] AndroidManifest.xml:27:13-72
148        <!--
149            Service handling Google Sign-In user revocation. For apps that do not integrate with
150            Google Sign-In, this service will never be started.
151        -->
152        <service
152-->[com.google.android.gms:play-services-auth:16.0.1] AndroidManifest.xml:33:9-36:110
153            android:name="com.google.android.gms.auth.api.signin.RevocationBoundService"
153-->[com.google.android.gms:play-services-auth:16.0.1] AndroidManifest.xml:34:13-89
154            android:exported="true"
154-->[com.google.android.gms:play-services-auth:16.0.1] AndroidManifest.xml:35:13-36
155            android:permission="com.google.android.gms.auth.api.signin.permission.REVOCATION_NOTIFICATION" />
155-->[com.google.android.gms:play-services-auth:16.0.1] AndroidManifest.xml:36:13-107
156
157        <receiver
157-->[com.google.android.gms:play-services-measurement:19.0.0] AndroidManifest.xml:29:9-33:20
158            android:name="com.google.android.gms.measurement.AppMeasurementReceiver"
158-->[com.google.android.gms:play-services-measurement:19.0.0] AndroidManifest.xml:30:13-85
159            android:enabled="true"
159-->[com.google.android.gms:play-services-measurement:19.0.0] AndroidManifest.xml:31:13-35
160            android:exported="false" >
160-->[com.google.android.gms:play-services-measurement:19.0.0] AndroidManifest.xml:32:13-37
161        </receiver>
162
163        <service
163-->[com.google.android.gms:play-services-measurement:19.0.0] AndroidManifest.xml:35:9-38:40
164            android:name="com.google.android.gms.measurement.AppMeasurementService"
164-->[com.google.android.gms:play-services-measurement:19.0.0] AndroidManifest.xml:36:13-84
165            android:enabled="true"
165-->[com.google.android.gms:play-services-measurement:19.0.0] AndroidManifest.xml:37:13-35
166            android:exported="false" />
166-->[com.google.android.gms:play-services-measurement:19.0.0] AndroidManifest.xml:38:13-37
167        <service
167-->[com.google.android.gms:play-services-measurement:19.0.0] AndroidManifest.xml:39:9-43:72
168            android:name="com.google.android.gms.measurement.AppMeasurementJobService"
168-->[com.google.android.gms:play-services-measurement:19.0.0] AndroidManifest.xml:40:13-87
169            android:enabled="true"
169-->[com.google.android.gms:play-services-measurement:19.0.0] AndroidManifest.xml:41:13-35
170            android:exported="false"
170-->[com.google.android.gms:play-services-measurement:19.0.0] AndroidManifest.xml:42:13-37
171            android:permission="android.permission.BIND_JOB_SERVICE" />
171-->[com.google.android.gms:play-services-measurement:19.0.0] AndroidManifest.xml:43:13-69
172
173        <activity
173-->[com.google.android.gms:play-services-base:16.0.1] AndroidManifest.xml:23:9-26:75
174            android:name="com.google.android.gms.common.api.GoogleApiActivity"
174-->[com.google.android.gms:play-services-base:16.0.1] AndroidManifest.xml:24:13-79
175            android:exported="false"
175-->[com.google.android.gms:play-services-base:16.0.1] AndroidManifest.xml:25:13-37
176            android:theme="@android:style/Theme.Translucent.NoTitleBar" />
176-->[com.google.android.gms:play-services-base:16.0.1] AndroidManifest.xml:26:13-72
177        <!--
178         The initialization ContentProvider will call FacebookSdk.sdkInitialize automatically
179         with the application context. This config is merged in with the host app's manifest,
180         but there can only be one provider with the same authority activated at any given
181         point; so if the end user has two or more different apps that use Facebook SDK, only the
182         first one will be able to use the provider. To work around this problem, we use the
183         following placeholder in the authority to identify each host application as if it was
184         a completely different provider.
185        -->
186        <provider
186-->[com.facebook.android:facebook-core:5.5.1] AndroidManifest.xml:39:9-42:40
187            android:name="com.facebook.internal.FacebookInitProvider"
187-->[com.facebook.android:facebook-core:5.5.1] AndroidManifest.xml:40:13-70
188            android:authorities="com.read_to_me.FacebookInitProvider"
188-->[com.facebook.android:facebook-core:5.5.1] AndroidManifest.xml:41:13-72
189            android:exported="false" />
189-->[com.facebook.android:facebook-core:5.5.1] AndroidManifest.xml:42:13-37
190
191        <receiver
191-->[com.facebook.android:facebook-core:5.5.1] AndroidManifest.xml:44:9-50:20
192            android:name="com.facebook.CurrentAccessTokenExpirationBroadcastReceiver"
192-->[com.facebook.android:facebook-core:5.5.1] AndroidManifest.xml:45:13-86
193            android:exported="false" >
193-->[com.facebook.android:facebook-core:5.5.1] AndroidManifest.xml:46:13-37
194            <intent-filter>
194-->[com.facebook.android:facebook-core:5.5.1] AndroidManifest.xml:47:13-49:29
195                <action android:name="com.facebook.sdk.ACTION_CURRENT_ACCESS_TOKEN_CHANGED" />
195-->[com.facebook.android:facebook-core:5.5.1] AndroidManifest.xml:48:17-95
195-->[com.facebook.android:facebook-core:5.5.1] AndroidManifest.xml:48:25-92
196            </intent-filter>
197        </receiver>
198        <receiver
198-->[com.facebook.android:facebook-core:5.5.1] AndroidManifest.xml:51:9-58:20
199            android:name="com.facebook.CampaignTrackingReceiver"
199-->[com.facebook.android:facebook-core:5.5.1] AndroidManifest.xml:52:13-65
200            android:exported="true"
200-->[com.facebook.android:facebook-core:5.5.1] AndroidManifest.xml:53:13-36
201            android:permission="android.permission.INSTALL_PACKAGES" >
201-->[com.facebook.android:facebook-core:5.5.1] AndroidManifest.xml:54:13-69
202            <intent-filter>
202-->[com.facebook.android:facebook-core:5.5.1] AndroidManifest.xml:55:13-57:29
203                <action android:name="com.android.vending.INSTALL_REFERRER" />
203-->[com.facebook.android:facebook-core:5.5.1] AndroidManifest.xml:56:17-79
203-->[com.facebook.android:facebook-core:5.5.1] AndroidManifest.xml:56:25-76
204            </intent-filter>
205        </receiver>
206    </application>
207
208</manifest>